<?xml version="1.0" encoding="UTF-8"?>
<testsuite xmlns:xsi="http://www.w3.org/2001/XMLSchema-instance" xsi:noNamespaceSchemaLocation="https://maven.apache.org/surefire/maven-surefire-plugin/xsd/surefire-test-report-3.0.xsd" version="3.0" name="com.apifrontGroup.shopFrontApiRest.repository.ProductCategotyRepositoryTest" time="5.988" tests="1" errors="0" skipped="0" failures="0">
  <properties>
[...]
</properties>
  <testcase name="test" classname="com.apifrontGroup.shopFrontApiRest.repository.ProductCategotyRepositoryTest" time="0.657">
    <system-out><![CDATA[01:54:11.068 [main] INFO org.springframework.test.context.support.AnnotationConfigContextLoaderUtils -- Could not detect default configuration classes for test class [com.apifrontGroup.shopFrontApiRest.repository.ProductCategotyRepositoryTest]: ProductCategotyRepositoryTest does not declare any static, non-private, non-final, nested classes annotated with @Configuration.
01:54:11.226 [main] INFO org.springframework.boot.test.context.SpringBootTestContextBootstrapper -- Found @SpringBootConfiguration com.apifrontGroup.shopFrontApiRest.ShopFrontApiRestApplication for test class com.apifrontGroup.shopFrontApiRest.repository.ProductCategotyRepositoryTest

  .   ____          _            __ _ _
 /\\ / ___'_ __ _ _(_)_ __  __ _ \ \ \ \
( ( )\___ | '_ | '_| | '_ \/ _` | \ \ \ \
 \\/  ___)| |_)| | | | | || (_| |  ) ) ) )
  '  |____| .__|_| |_|_| |_\__, | / / / /
 =========|_|==============|___/=/_/_/_/
 :: Spring Boot ::                (v3.2.1)

2024-05-22T01:54:11.818-03:00  INFO 148 --- [           main] c.a.s.r.ProductCategotyRepositoryTest    : Starting ProductCategotyRepositoryTest using Java 21.0.1 with PID 148 (started by Usuario1 in C:\Users\Usuario1\Desktop\mis documentos\proyectos\shop-app-back\shopFrontApiRest)
2024-05-22T01:54:11.819-03:00  INFO 148 --- [           main] c.a.s.r.ProductCategotyRepositoryTest    : The following 1 profile is active: "${DB_PROFILE}"
2024-05-22T01:54:12.471-03:00  INFO 148 --- [           main] .s.d.r.c.RepositoryConfigurationDelegate : Bootstrapping Spring Data JPA repositories in DEFAULT mode.
2024-05-22T01:54:12.575-03:00  INFO 148 --- [           main] .s.d.r.c.RepositoryConfigurationDelegate : Finished Spring Data repository scanning in 90 ms. Found 8 JPA repository interfaces.
2024-05-22T01:54:12.645-03:00  INFO 148 --- [           main] beddedDataSourceBeanFactoryPostProcessor : Replacing 'dataSource' DataSource bean with embedded version
2024-05-22T01:54:12.853-03:00  INFO 148 --- [           main] o.s.j.d.e.EmbeddedDatabaseFactory        : Starting embedded database: url='jdbc:h2:mem:6e95b1c0-a579-425f-aefd-a8bcde51b1a0;DB_CLOSE_DELAY=-1;DB_CLOSE_ON_EXIT=false', username='sa'
2024-05-22T01:54:13.230-03:00  INFO 148 --- [           main] o.hibernate.jpa.internal.util.LogHelper  : HHH000204: Processing PersistenceUnitInfo [name: default]
2024-05-22T01:54:13.296-03:00  INFO 148 --- [           main] org.hibernate.Version                    : HHH000412: Hibernate ORM core version 6.4.1.Final
2024-05-22T01:54:13.331-03:00  INFO 148 --- [           main] o.h.c.internal.RegionFactoryInitiator    : HHH000026: Second-level cache disabled
2024-05-22T01:54:13.679-03:00  INFO 148 --- [           main] o.s.o.j.p.SpringPersistenceUnitInfo      : No LoadTimeWeaver setup: ignoring JPA class transformer
2024-05-22T01:54:14.904-03:00  INFO 148 --- [           main] o.h.e.t.j.p.i.JtaPlatformInitiator       : HHH000489: No JTA platform available (set 'hibernate.transaction.jta.platform' to enable JTA platform integration)
Hibernate: drop table if exists genders cascade 
Hibernate: drop table if exists invoices cascade 
Hibernate: drop table if exists invoicexproduct_details cascade 
Hibernate: drop table if exists payment_methods cascade 
Hibernate: drop table if exists products cascade 
Hibernate: drop table if exists products_category cascade 
Hibernate: drop table if exists roles cascade 
Hibernate: drop table if exists users cascade 
Hibernate: create table genders (id bigint generated by default as identity, gender_type varchar(255) not null, primary key (id))
Hibernate: create table invoices (active boolean, total float(24) not null, biller bigint not null, created_at timestamp(6), id bigint generated by default as identity, payment_method bigint not null, costumer varchar(255) not null, primary key (id))
Hibernate: create table invoicexproduct_details (active boolean, amount integer not null, id bigint generated by default as identity, invoice_id bigint not null, product_id bigint, primary key (id))
Hibernate: create table payment_methods (id bigint generated by default as identity, payment_method varchar(255) not null, primary key (id))
Hibernate: create table products (active boolean, price float(24) not null, stock integer not null, created_at timestamp(6), gender bigint not null, id bigint generated by default as identity, product_category bigint not null, description varchar(255) not null, image varchar(255) not null, name varchar(255) not null, primary key (id))
Hibernate: create table products_category (id bigint generated by default as identity, product_category varchar(255), primary key (id))
Hibernate: create table roles (id bigint generated by default as identity, role_type varchar(255) not null, primary key (id))
Hibernate: create table users (active boolean, created_at timestamp(6), gender bigint not null, id bigint generated by default as identity, role bigint not null, city varchar(255) not null, country varchar(255) not null, email varchar(255) not null, last_name varchar(255) not null, name varchar(255), password varchar(255) not null, phone_number varchar(255) not null, postal_code varchar(255) not null, profile_img_url varchar(255) not null, primary key (id), unique (email))
Hibernate: alter table if exists invoices add constraint FKekonf82rqy7bwxelx6v3s1362 foreign key (biller) references users
Hibernate: alter table if exists invoices add constraint FKtdwjehuax67oeeogcjroc5qxr foreign key (payment_method) references payment_methods
Hibernate: alter table if exists invoicexproduct_details add constraint FKtf0rhi5u1nbg9rwa7wp10xo1j foreign key (invoice_id) references invoices
Hibernate: alter table if exists invoicexproduct_details add constraint FKqcqqxk1wn41yprneonry9rjk7 foreign key (product_id) references products
Hibernate: alter table if exists products add constraint FK87k6m1f9xcs319edpa91k3ijc foreign key (product_category) references products_category
Hibernate: alter table if exists products add constraint FKcn7cap81fl0bboa5oyaygmlb5 foreign key (gender) references genders
Hibernate: alter table if exists users add constraint FKfdpp3ihbu0793wagj5qoc8mt3 foreign key (gender) references genders
Hibernate: alter table if exists users add constraint FK4c6vlshk8x83ifeoggi3exg3k foreign key (role) references roles
2024-05-22T01:54:14.977-03:00  INFO 148 --- [           main] j.LocalContainerEntityManagerFactoryBean : Initialized JPA EntityManagerFactory for persistence unit 'default'
2024-05-22T01:54:15.383-03:00  INFO 148 --- [           main] o.s.d.j.r.query.QueryEnhancerFactory     : Hibernate is in classpath; If applicable, HQL parser will be used.
2024-05-22T01:54:16.180-03:00  INFO 148 --- [           main] c.a.s.r.ProductCategotyRepositoryTest    : Started ProductCategotyRepositoryTest in 4.838 seconds (process running for 5.969)
Hibernate: select pc1_0.id,pc1_0.product_category from products_category pc1_0 where pc1_0.id=?
Hibernate: insert into products_category (product_category,id) values (?,default)
ProductCategory(id=1, productCategory=trousers)
]]></system-out>
    <system-err><![CDATA[WARNING: A Java agent has been loaded dynamically (C:\Users\Usuario1\.m2\repository\net\bytebuddy\byte-buddy-agent\1.14.10\byte-buddy-agent-1.14.10.jar)
WARNING: If a serviceability tool is in use, please run with -XX:+EnableDynamicAgentLoading to hide this warning
WARNING: If a serviceability tool is not in use, please run with -Djdk.instrument.traceUsage for more information
WARNING: Dynamic loading of agents will be disallowed by default in a future release
]]></system-err>
  </testcase>
</testsuite>